<?xml version="1.0" encoding="UTF-8"?>
<testng-results ignored="0" total="1" passed="1" failed="0" skipped="0">
  <reporter-output>
  </reporter-output>
  <suite started-at="2022-02-08T13:03:32 GMT" name="Suite" finished-at="2022-02-08T13:04:02 GMT" duration-ms="30026">
    <groups>
      <group name="cucumber">
        <method signature="AbstractTestNGCucumberTests.feature(cucumber.api.testng.CucumberFeatureWrapper)[pri:0, instance:cucumberOptions.TestRunner@11c9af63]" name="feature" class="cucumber.api.testng.AbstractTestNGCucumberTests"/>
      </group> <!-- cucumber -->
    </groups>
    <test started-at="2022-02-08T13:03:32 GMT" name="GoogleMapPage.java" finished-at="2022-02-08T13:04:02 GMT" duration-ms="30026">
      <class name="cucumberOptions.TestRunner">
        <test-method is-config="true" signature="setUpClass()[pri:0, instance:cucumberOptions.TestRunner@11c9af63]" started-at="2022-02-08T13:03:32 GMT" name="setUpClass" finished-at="2022-02-08T13:03:33 GMT" duration-ms="494" status="PASS">
          <reporter-output>
          </reporter-output>
        </test-method> <!-- setUpClass -->
        <test-method signature="feature(cucumber.api.testng.CucumberFeatureWrapper)[pri:0, instance:cucumberOptions.TestRunner@11c9af63]" started-at="2022-02-08T13:03:33 GMT" name="feature" description="Runs Cucumber Feature" data-provider="features" finished-at="2022-02-08T13:04:02 GMT" duration-ms="29316" status="PASS">
          <params>
            <param index="0">
              <value>
                <![CDATA[Google Map Page]]>
              </value>
            </param>
          </params>
          <reporter-output>
          </reporter-output>
        </test-method> <!-- feature -->
        <test-method is-config="true" signature="tearDownClass()[pri:0, instance:cucumberOptions.TestRunner@11c9af63]" started-at="2022-02-08T13:04:02 GMT" name="tearDownClass" finished-at="2022-02-08T13:04:02 GMT" duration-ms="12" status="PASS">
          <reporter-output>
          </reporter-output>
        </test-method> <!-- tearDownClass -->
      </class> <!-- cucumberOptions.TestRunner -->
    </test> <!-- GoogleMapPage.java -->
  </suite> <!-- Suite -->
</testng-results>
